<?xml version="1.0" encoding="UTF-8"?>
<!-- Generated by org.testng.reporters.JUnitReportReporter -->
<testsuite hostname="LAPTOP-T4TIAI14" failures="0" tests="1" name="com.ecom.iphoneModule.FlipKartForProduct" time="19.385" errors="0" timestamp="2024-03-05T11:40:59 IST" skipped="0">
  <testcase classname="com.ecom.iphoneModule.FlipKartForProduct" name="fetchNameAndPrice" time="19.385"/>
  <system-out/>
</testsuite> <!-- com.ecom.iphoneModule.FlipKartForProduct -->
